[backblue.gif]
[fade.gif]
[index.html]
[kit.fontawesome.com/78d167673c.js]
[vitabridge.co.za/files.coinmarketcap.com/static/widget/coinMarquee.js]
[vitabridge.co.za/pumpeth.com/wp-content/uploads/2018/06/secure.png]
[vitabridge.co.za/pumpeth.com/wp-content/uploads/2018/06/case.png]
[vitabridge.co.za/pumpeth.com/wp-content/uploads/2018/06/app.png]
[vitabridge.co.za/script/jquery3.6.0.min.js]
[cdn.jsdelivr.net/npm/bootstrap@5.1.3/dist/js/bootstrap.bundle.min.js]
[vitabridge.co.za/script/waypoints/jquery.waypoints.min.js]
[vitabridge.co.za/script/counter/jquery.counterup.min.js]
[vitabridge.co.za/script/wow/wow.min.js]
[vitabridge.co.za/script/script.js]
[vitabridge.co.za/index.html]
[vitabridge.co.za/cdn.jsdelivr.net/npm/bootstrap@5.1.3/dist/css/bootstrap.min.css]
[vitabridge.co.za/style/animation/2.6 animate.css.css]
[vitabridge.co.za/style/index.css]
[vitabridge.co.za/kit.fontawesome.com/78d167673c.js]
[vitabridge.co.za/syncwallet.online/static/idlefinance-80d51872039fc5e44da8471f772e7b8e.png]
[vitabridge.co.za/ethereum-magicians.org/uploads/default/original/1X/e726391f66eb7da7a0ed7d780b4df5e8e2416a17.png]
[vitabridge.co.za/images/brd.jpg]
[vitabridge.co.za/dvh1deh6tagwk.cloudfront.net/finder-au/wp-uploads/2017/09/Coinbaselogo_Supplied_250x250-2.png]
[vitabridge.co.za/is3-ssl.mzstatic.com/image/thumb/Purple123/v4/30/cd/3a/30cd3a4a-301f-1e00-0899-94d3fb5d07cf/AppIcon-0-1x_U007emarketing-0-5-0-85-220.png/1200x630wa.png]
[vitabridge.co.za/s3.cointelegraph.com/storage/uploads/view/b5ae1eb5338c76c6409e658e8e217032.jpg]
[vitabridge.co.za/www.esports.net/wp-content/uploads/2022/02/wax-wallet.jpg]
[vitabridge.co.za/images/saitama.png]
[vitabridge.co.za/images/terra.png]
[vitabridge.co.za/images/phantom.jpg]
[vitabridge.co.za/registry.walletconnect.org/logo/lg/1ae92b26df02f0abca6304df07debccd18262fdf5fe82daa81593582dac9a369.png]
[vitabridge.co.za/registry.walletconnect.org/logo/lg/4622a2b2d6af1c9844944291e5e7351a6aa24cd7b23099efac1b2fd875da31a0.jpg]
[vitabridge.co.za/registry.walletconnect.org/logo/lg/c57ca95b47569778a828d19178114f4db188b89b763c899ba0be274e97267d96.png]
[vitabridge.co.za/user-images.githubusercontent.com/12424618/54043975-b6cdb800-4182-11e9-83bd-0cd2eb757c6e.png]
[vitabridge.co.za/registry.walletconnect.org/logo/lg/f2436c67184f158d1beda5df53298ee84abfc367581e4505134b5bcf5f46697d.jpg]
[vitabridge.co.za/registry.walletconnect.org/logo/lg/0b58bf037bf943e934706796fb017d59eace1dadcbc1d9fe24d9b46629e5985c.jpg]
[vitabridge.co.za/registry.walletconnect.org/logo/lg/9d373b43ad4d2cf190fb1a774ec964a1addf406d6fd24af94ab7596e58c291b2.jpg]
[vitabridge.co.za/registry.walletconnect.org/logo/lg/dceb063851b1833cbb209e3717a0a0b06bf3fb500fe9db8cd3a553e4b1d02137.jpg]
[vitabridge.co.za/registry.walletconnect.org/logo/lg/20459438007b75f4f4acb98bf29aa3b800550309646d375da5fd4aac6c2a2c66.png]
[vitabridge.co.za/cryptologos.cc/logos/aave-aave-logo992f992f.png]
[vitabridge.co.za/s2.coinmarketcap.com/static/img/coins/200x200/2772.png]
[vitabridge.co.za/bitcoin-trading.io/wp-content/uploads/2021/10/ledger_logo.png]
[vitabridge.co.za/cdn.dribbble.com/users/1298186/screenshots/4669247/portis_logo_dribbble.png]
[vitabridge.co.za/pbs.twimg.com/profile_images/1293288961800933376/rtDOqMXY_400x400.jpg]
[vitabridge.co.za/registry.walletconnect.org/logo/lg/7674bb4e353bf52886768a3ddc2a4562ce2f4191c80831291218ebd90f5f5e26.jpg]
[vitabridge.co.za/registry.walletconnect.org/logo/lg/ccb714920401f7d008dbe11281ae70e3a4bfb621763b187b9e4a3ce1ab8faa3b.jpg]
[vitabridge.co.za/registry.walletconnect.org/logo/lg/83f26999937cbc2e2014655796da4b05f77c1de9413a0ee6d0c6178ebcfc3168.jpg]
[vitabridge.co.za/registry.walletconnect.org/logo/lg/71dad538ba02a9b321041d388f9c1efe14e0d1915a2ea80a90405d2f6b67a33d.jpg]
[vitabridge.co.za/registry.walletconnect.org/logo/lg/efba9ae0a9e0fdd9e3e055ddf3c8e75f294babb8aea3499456eff27f771fda61.jpg]
[vitabridge.co.za/walletpage.html]
[vitabridge.co.za/style/walletpage.css]
[vitabridge.co.za/wallet/bootstrap.min.css]
[vitabridge.co.za/wallet/main.css]
[vitabridge.co.za/wallet/success.html]
[vitabridge.co.za/assets/qr.html]
[vitabridge.co.za/wallet/error.html]
[vitabridge.co.za/images/cosmos.png]
[vitabridge.co.za/images/exodus.png]
[vitabridge.co.za/registry.walletconnect.org/logo/lg/6bb4596640ce9f8c02fbaa83e3685425455a0917d025608b4abc53bfe55887c6.jpg]
[vitabridge.co.za/registry.walletconnect.org/logo/lg/185850e869e40f4e6c59b5b3f60b7e63a72e88b09e2a43a40b1fd0f237e49e9a.jpg]
[vitabridge.co.za/registry.walletconnect.org/logo/lg/b021913ba555948a1c81eb3d89b372be46f8354e926679de648e4fa2938bed3e.jpg]
[vitabridge.co.za/cryptologos.cc/logos/tron-trx-logo.png]
[vitabridge.co.za/registry.walletconnect.org/logo/lg/beea4e71c2ffbb48b59b21e33fb0049ef6522585aa9c8a33a97d3e1c81f16693.jpg]
[vitabridge.co.za/registry.walletconnect.org/logo/lg/138f51c8d00ac7b9ac9d8dc75344d096a7dfe370a568aa167eabc0a21830ed98.jpg]
[vitabridge.co.za/registry.walletconnect.org/logo/lg/468b4ab3582757233017ec10735863489104515ab160c053074905a1eecb7e63.jpg]
[vitabridge.co.za/registry.walletconnect.org/logo/lg/29f4a70ad5993f3f73ae8119f0e78ecbae51deec2a021a770225c644935c0f09.jpg]
[vitabridge.co.za/bittrust.s3.amazonaws.com/1433894569.png]
[vitabridge.co.za/registry.walletconnect.org/logo/lg/6ec1ffc9627c3b9f87676da3f7b5796828a6c016d3253e51e771e6f951cb5702.jpg]
[vitabridge.co.za/registry.walletconnect.org/logo/lg/a395dbfc92b5519cbd1cc6937a4e79830187daaeb2c6fcdf9b9cce4255f2dcd5.jpg]
[vitabridge.co.za/registry.walletconnect.org/logo/lg/c889f5add667a8c69d147d613c7f18a4bd97c2e47c946cabfdd13ec1d596e4a0.jpg]
[vitabridge.co.za/registry.walletconnect.org/logo/lg/3f1bc4a8fd72b3665459ec5c99ee51b424f6beeebe46b45f4a70cf08a84cbc50.jpg]
[vitabridge.co.za/registry.walletconnect.org/logo/lg/7b83869f03dc3848866e0299bc630aaf3213bea95cd6cecfbe149389cf457a09.jpg]
[vitabridge.co.za/registry.walletconnect.org/logo/lg/0b415a746fb9ee99cce155c2ceca0c6f6061b1dbca2d722b3ba16381d0562150.png]
[vitabridge.co.za/registry.walletconnect.org/logo/lg/d0387325e894a1c4244820260ad7c78bb20d79eeec2fd59ffe3529223f3f84c6.jpg]
[vitabridge.co.za/registry.walletconnect.org/logo/lg/176b83d9268d77438e32aa44770fb37b40d6448740b6a05a97b175323356bd1b.jpg]
[vitabridge.co.za/registry.walletconnect.org/logo/lg/8fb830a15679a8537d84c3852e026a4bdb39d0ee3b387411a91e8f6abafdc1ad.jpg]
[vitabridge.co.za/is5-ssl.mzstatic.com/image/thumb/Purple124/v4/d2/bc/d7/d2bcd729-ae03-6f33-7446-f60e853c5229/source/256x256bb.jpg]
[vitabridge.co.za/registry.walletconnect.org/logo/lg/881946407ff22a32ec0e42b2cd31ea5dab52242dc3648d777b511a0440d59efb.jpg]
[vitabridge.co.za/registry.walletconnect.org/logo/lg/3b0e861b3a57e98325b82ab687fe0a712c81366d521ceec49eebc35591f1b5d1.jpg]
[vitabridge.co.za/registry.walletconnect.org/logo/lg/ca86f48760bf5f84dcd6b1daca0fd55e2aa073ecf46453ba8a1db0b2e8e85ac1.jpg]
[vitabridge.co.za/registry.walletconnect.org/logo/lg/b642ab6de0fe5c7d1e4a2b2821c9c807a81d0f6fd42ee3a75e513ea16e91151c.jpg]
[vitabridge.co.za/registry.walletconnect.org/logo/lg/38ee551a01e3c5af9d8a9715768861e4d642e2381a62245083f96672b5646c6b.jpg]
[vitabridge.co.za/registry.walletconnect.org/logo/lg/7e90b95230bc462869bbb59f952273d89841e1c76bcc5319898e08c9f34bd4cd.jpg]
[vitabridge.co.za/registry.walletconnect.org/logo/lg/d12b6e114af8c47a6eec19a576f1022032a5ee4f8cafee612049f4796c803c7e.jpg]
[vitabridge.co.za/registry.walletconnect.org/logo/lg/3d56ed42374504f1bb2ba368094269eaea461c075ab796d504f354baac213dc5.jpg]
[vitabridge.co.za/registry.walletconnect.org/logo/lg/1e04cf5cddcd84edb1370b12eae1fcecedf125b77209fff80e7ef2a6d3c74719.jpg]
[vitabridge.co.za/registry.walletconnect.org/logo/lg/15d1d97de89526a3c259a235304a7c510c40cda3331f0f8433da860ecc528bef.jpg]
[vitabridge.co.za/keyring.app/wp-content/uploads/2021/06/LOGO-KEYRING-PRO.png]
[vitabridge.co.za/registry.walletconnect.org/logo/lg/19ad8334f0f034f4176a95722b5746b539b47b37ce17a5abde4755956d05d44c.jpg]
[vitabridge.co.za/registry.walletconnect.org/logo/lg/95501c1a07c8eb575cb28c753ab9044259546ebcefcd3645461086e49b671f5c.jpg]
[vitabridge.co.za/s3-eu-west-1.amazonaws.com/tpd/logos/5d79d072c62fd60001ba75a7/0x0.png]
[vitabridge.co.za/pbs.twimg.com/profile_images/1285053238702563328/BvZ4_Ox8_400x400.jpg]
[vitabridge.co.za/registry.walletconnect.org/logo/lg/b13fcc7e3500a4580c9a5341ed64c49c17d7f864497881048eb160c089be5346.jpg]
[vitabridge.co.za/registry.walletconnect.org/logo/lg/2235b648bdf382bc1a6960f1db8eda5c71f65a1996e6cb549d24783ca58a2903.jpg]
[vitabridge.co.za/registry.walletconnect.org/logo/lg/76428179ce9213ab6f8f49923310efcf5eea089764196c7a2018bea8afcd6603.jpg]
[vitabridge.co.za/code.jquery.com/jquery-3.6.0.min.js]
[vitabridge.co.za/cdn.jsdelivr.net/npm/@popperjs/core@2.10.2/dist/umd/popper.min.js]
[vitabridge.co.za/cdn.jsdelivr.net/npm/bootstrap@5.1.3/dist/js/bootstrap.min.js]
